Removed Pin From Net: NetName=GND Pin=C4-2
Removed Pin From Net: NetName=GND Pin=C5-2
Removed Pin From Net: NetName=GND Pin=C6-2
Removed Pin From Net: NetName=GND Pin=C7-2
Removed Pin From Net: NetName=GND Pin=C8-1
Removed Pin From Net: NetName=GND Pin=C9-1
Removed Pin From Net: NetName=GND Pin=C10-1
Removed Pin From Net: NetName=GND Pin=C12-1
Removed Pin From Net: NetName=GND Pin=C15-2
Removed Pin From Net: NetName=GND Pin=L1-2
Removed Pin From Net: NetName=GND Pin=P1-1
Removed Pin From Net: NetName=GND Pin=U1-6
Removed Pin From Net: NetName=GND Pin=U1-11
Removed Pin From Net: NetName=GND Pin=U1-19
Removed Pin From Net: NetName=GND Pin=U1-28
Removed Pin From Net: NetName=GND Pin=U1-50
Removed Pin From Net: NetName=GND Pin=U1-75
Removed Pin From Net: NetName=GND Pin=U1-100
Removed Pin From Net: NetName=GND Pin=U2-3
Removed Pin From Net: NetName=GND Pin=U3-3
Removed Pin From Net: NetName=GND Pin=U4-6
Added Pin To Net: NetName=NetJ2_1 Pin=J2-1
Added Pin To Net: NetName=NetJ2_2 Pin=J2-2
Added Pin To Net: NetName=NetJ2_3 Pin=J2-3
Added Pin To Net: NetName=NetJ2_4 Pin=J2-4
Added Pin To Net: NetName=NetJ2_5 Pin=J2-5
Added Pin To Net: NetName=NetJ2_6 Pin=J2-6
Added Pin To Net: NetName=NetJ2_7 Pin=J2-7
Added Pin To Net: NetName=NetJ2_8 Pin=J2-8
Added Pin To Net: NetName=GND Pin=J2-9
Added Pin To Net: NetName=GND Pin=J2-10
Added Pin To Net: NetName=NetJ3_1 Pin=J3-1
Added Pin To Net: NetName=NetJ3_2 Pin=J3-2
Added Pin To Net: NetName=GND Pin=J3-6
Added Pin To Net: NetName=GND Pin=J3-7
Added Pin To Net: NetName=GND Pin=J3-8
Added Pin To Net: NetName=NetJ3_9 Pin=J3-9
Added Pin To Net: NetName=NetJ3_9 Pin=J3-10
Added Pin To Net: NetName=VCC_MCU Pin=C4-2
Added Pin To Net: NetName=VCC_MCU Pin=C5-2
Added Pin To Net: NetName=VCC_MCU Pin=C6-2
Added Pin To Net: NetName=VCC_MCU Pin=C7-2
Added Pin To Net: NetName=VCC_MCU Pin=C8-1
Added Pin To Net: NetName=VCC_MCU Pin=C9-1
Added Pin To Net: NetName=VCC_MCU Pin=C10-1
Added Pin To Net: NetName=VCC_MCU Pin=C12-1
Added Pin To Net: NetName=VCC_MCU Pin=C15-2
Added Pin To Net: NetName=VCC_MCU Pin=J3-3
Added Pin To Net: NetName=VCC_MCU Pin=J3-4
Added Pin To Net: NetName=VCC_MCU Pin=J3-5
Added Pin To Net: NetName=VCC_MCU Pin=L1-2
Added Pin To Net: NetName=VCC_MCU Pin=P1-1
Added Pin To Net: NetName=VCC_MCU Pin=U1-6
Added Pin To Net: NetName=VCC_MCU Pin=U1-11
Added Pin To Net: NetName=VCC_MCU Pin=U1-19
Added Pin To Net: NetName=VCC_MCU Pin=U1-28
Added Pin To Net: NetName=VCC_MCU Pin=U1-50
Added Pin To Net: NetName=VCC_MCU Pin=U1-75
Added Pin To Net: NetName=VCC_MCU Pin=U1-100
Added Pin To Net: NetName=VCC_MCU Pin=U2-3
Added Pin To Net: NetName=VCC_MCU Pin=U3-3
Added Pin To Net: NetName=VCC_MCU Pin=U4-6
Added Net: Name=VCC_MCU
Added Member To Class: ClassName=IO Member=Component J2 Part Number: 1-292227-0
Added Member To Class: ClassName=IO Member=Component J3 Part Number: 1-292227-0
Added Room: Name=MCU
