Change Component Footprint: Designator=R6 Old Footprint=RESC2013X50X30ML20T20 New Footprint=RESC3216X60X45LL10T20
Change Component Footprint: Designator=R7 Old Footprint=RESC2013X50X30ML20T20 New Footprint=RESC3216X60X45LL10T20
Change Component Footprint: Designator=R8 Old Footprint=RESC2013X50X30ML20T20 New Footprint=RESC3216X60X45LL10T20
Change Component Comment : Designator=R6 Old Comment=CRCW0805165RFKEA New Comment=CRCW120656R0FKEA
Change Component Comment : Designator=R7 Old Comment=CRCW0805165RFKEA New Comment=CRCW120656R0FKEA
Change Component Comment : Designator=R8 Old Comment=CRCW0805165RFKEA New Comment=CRCW120656R0FKEA
Change Component Designator: OldDesignator=R? NewDesignator=R9
Change component parameters: Designator = "R6"; Footprint = "RESC3216X60X45LL10T20"; UniqueID = "\EAYEYQWC"
Change component parameters. Clean all parameters for all variants
Change component parameters (AddParameter): Name = "Manufacturer"; Value = "Vishay Dale"; VariantName = "[No Variations]"
Change component parameters (AddParameter): Name = "Part Number"; Value = "CRCW120656R0FKEA"; VariantName = "[No Variations]"
Change component parameters: Designator = "R7"; Footprint = "RESC3216X60X45LL10T20"; UniqueID = "\CVALRJZA"
Change component parameters. Clean all parameters for all variants
Change component parameters (AddParameter): Name = "Manufacturer"; Value = "Vishay Dale"; VariantName = "[No Variations]"
Change component parameters (AddParameter): Name = "Part Number"; Value = "CRCW120656R0FKEA"; VariantName = "[No Variations]"
Change component parameters: Designator = "R8"; Footprint = "RESC3216X60X45LL10T20"; UniqueID = "\PYXEFAWV"
Change component parameters. Clean all parameters for all variants
Change component parameters (AddParameter): Name = "Manufacturer"; Value = "Vishay Dale"; VariantName = "[No Variations]"
Change component parameters (AddParameter): Name = "Part Number"; Value = "CRCW120656R0FKEA"; VariantName = "[No Variations]"
Added Component: Designator=H3(HDR1X2)
Add component. Clean all parameters for all variants
Add component (AddParameter): Name = "LatestRevisionDate"; Value = "17-Jul-2002"; VariantName = "[No Variations]"
Add component (AddParameter): Name = "LatestRevisionNote"; Value = "Re-released for DXP Platform."; VariantName = "[No Variations]"
Add component (AddParameter): Name = "Publisher"; Value = "Altium Limited"; VariantName = "[No Variations]"
Added Pin To Net: NetName=GND Pin=H3-1
Added Pin To Net: NetName=GND Pin=H3-2
Change Net Name : Old Net Name=NetR?_1 New Net Name=NetR9_1
Added Member To Class: ClassName=Communications Member=Component H3 Header 0
