Added Component: Designator=C3(Kemet_C0603_IPC_A)
Add component. Clean all parameters for all variants
Added Component: Designator=C4(Kemet_C0603_IPC_A)
Add component. Clean all parameters for all variants
Added Component: Designator=C5(Kemet_C0603_IPC_A)
Add component. Clean all parameters for all variants
Added Component: Designator=C6(Kemet_C0603_IPC_A)
Add component. Clean all parameters for all variants
Added Component: Designator=C7(Kemet_C0603_IPC_A)
Add component. Clean all parameters for all variants
Added Component: Designator=C8(Kemet_C0603_IPC_A)
Add component. Clean all parameters for all variants
Added Component: Designator=C9(Kemet_C0603_IPC_A)
Add component. Clean all parameters for all variants
Added Component: Designator=C10(Kemet_C0603_IPC_A)
Add component. Clean all parameters for all variants
Added Component: Designator=C11(Kemet_C0603_IPC_A)
Add component. Clean all parameters for all variants
Added Pin To Net: NetName=NetC3_1 Pin=C3-1
Added Pin To Net: NetName=GND Pin=C3-2
Added Pin To Net: NetName=GND Pin=C4-1
Added Pin To Net: NetName=GND Pin=C4-2
Added Pin To Net: NetName=GND Pin=C5-1
Added Pin To Net: NetName=GND Pin=C5-2
Added Pin To Net: NetName=GND Pin=C6-1
Added Pin To Net: NetName=GND Pin=C6-2
Added Pin To Net: NetName=GND Pin=C7-1
Added Pin To Net: NetName=GND Pin=C7-2
Added Pin To Net: NetName=GND Pin=C8-1
Added Pin To Net: NetName=GND Pin=C8-2
Added Pin To Net: NetName=GND Pin=C9-1
Added Pin To Net: NetName=GND Pin=C9-2
Added Pin To Net: NetName=GND Pin=C10-1
Added Pin To Net: NetName=GND Pin=C10-2
Added Pin To Net: NetName=GND Pin=C11-1
Added Pin To Net: NetName=NetC11_2 Pin=C11-2
Added Member To Class: ClassName=MCU Member=Component C3 100nF
Added Member To Class: ClassName=MCU Member=Component C4 100nF
Added Member To Class: ClassName=MCU Member=Component C5 100nF
Added Member To Class: ClassName=MCU Member=Component C6 100nF
Added Member To Class: ClassName=MCU Member=Component C7 100nF
Added Member To Class: ClassName=MCU Member=Component C8 100nF
Added Member To Class: ClassName=MCU Member=Component C9 100nF
Added Member To Class: ClassName=MCU Member=Component C10 100nF
Added Member To Class: ClassName=MCU Member=Component C11 100nF
Added Room: Name=MCU
